  数据结构课设—C语言实现通讯录管理系统（顺序表实现）.c
C:\Users\Administrator\source\repos\数据结构课设—C语言实现通讯录管理系统（顺序表实现）\数据结构课设—C语言实现通讯录管理系统（顺序表实现）\数据结构课设—C语言实现通讯录管理系统（顺序表实现）.c(130,6): warning C4013: “gets”未定义；假设外部返回 int
C:\Users\Administrator\source\repos\数据结构课设—C语言实现通讯录管理系统（顺序表实现）\数据结构课设—C语言实现通讯录管理系统（顺序表实现）\数据结构课设—C语言实现通讯录管理系统（顺序表实现）.c(152,11): warning C4473: “scanf_s”: 没有为格式字符串传递足够的参数
C:\Users\Administrator\source\repos\数据结构课设—C语言实现通讯录管理系统（顺序表实现）\数据结构课设—C语言实现通讯录管理系统（顺序表实现）\数据结构课设—C语言实现通讯录管理系统（顺序表实现）.c(152,11): message : 占位符和其参数预计 2 可变参数，但提供的却是 1 参数
C:\Users\Administrator\source\repos\数据结构课设—C语言实现通讯录管理系统（顺序表实现）\数据结构课设—C语言实现通讯录管理系统（顺序表实现）\数据结构课设—C语言实现通讯录管理系统（顺序表实现）.c(152,11): message : 缺失的可变参数 2 为格式字符串“%c”所需
C:\Users\Administrator\source\repos\数据结构课设—C语言实现通讯录管理系统（顺序表实现）\数据结构课设—C语言实现通讯录管理系统（顺序表实现）\数据结构课设—C语言实现通讯录管理系统（顺序表实现）.c(152,11): message : 此参数用作缓冲区大小
C:\Users\Administrator\source\repos\数据结构课设—C语言实现通讯录管理系统（顺序表实现）\数据结构课设—C语言实现通讯录管理系统（顺序表实现）\数据结构课设—C语言实现通讯录管理系统（顺序表实现）.c(164,7): warning C4101: “ch”: 未引用的局部变量
C:\Users\Administrator\source\repos\数据结构课设—C语言实现通讯录管理系统（顺序表实现）\数据结构课设—C语言实现通讯录管理系统（顺序表实现）\数据结构课设—C语言实现通讯录管理系统（顺序表实现）.c(222,12): warning C4473: “scanf_s”: 没有为格式字符串传递足够的参数
C:\Users\Administrator\source\repos\数据结构课设—C语言实现通讯录管理系统（顺序表实现）\数据结构课设—C语言实现通讯录管理系统（顺序表实现）\数据结构课设—C语言实现通讯录管理系统（顺序表实现）.c(222,12): message : 占位符和其参数预计 2 可变参数，但提供的却是 1 参数
C:\Users\Administrator\source\repos\数据结构课设—C语言实现通讯录管理系统（顺序表实现）\数据结构课设—C语言实现通讯录管理系统（顺序表实现）\数据结构课设—C语言实现通讯录管理系统（顺序表实现）.c(222,12): message : 缺失的可变参数 2 为格式字符串“%s”所需
C:\Users\Administrator\source\repos\数据结构课设—C语言实现通讯录管理系统（顺序表实现）\数据结构课设—C语言实现通讯录管理系统（顺序表实现）\数据结构课设—C语言实现通讯录管理系统（顺序表实现）.c(222,12): message : 此参数用作缓冲区大小
C:\Users\Administrator\source\repos\数据结构课设—C语言实现通讯录管理系统（顺序表实现）\数据结构课设—C语言实现通讯录管理系统（顺序表实现）\数据结构课设—C语言实现通讯录管理系统（顺序表实现）.c(244,12): warning C4473: “scanf_s”: 没有为格式字符串传递足够的参数
C:\Users\Administrator\source\repos\数据结构课设—C语言实现通讯录管理系统（顺序表实现）\数据结构课设—C语言实现通讯录管理系统（顺序表实现）\数据结构课设—C语言实现通讯录管理系统（顺序表实现）.c(244,12): message : 占位符和其参数预计 2 可变参数，但提供的却是 1 参数
C:\Users\Administrator\source\repos\数据结构课设—C语言实现通讯录管理系统（顺序表实现）\数据结构课设—C语言实现通讯录管理系统（顺序表实现）\数据结构课设—C语言实现通讯录管理系统（顺序表实现）.c(244,12): message : 缺失的可变参数 2 为格式字符串“%s”所需
C:\Users\Administrator\source\repos\数据结构课设—C语言实现通讯录管理系统（顺序表实现）\数据结构课设—C语言实现通讯录管理系统（顺序表实现）\数据结构课设—C语言实现通讯录管理系统（顺序表实现）.c(244,12): message : 此参数用作缓冲区大小
C:\Users\Administrator\source\repos\数据结构课设—C语言实现通讯录管理系统（顺序表实现）\数据结构课设—C语言实现通讯录管理系统（顺序表实现）\数据结构课设—C语言实现通讯录管理系统（顺序表实现）.c(266,12): warning C4473: “scanf_s”: 没有为格式字符串传递足够的参数
C:\Users\Administrator\source\repos\数据结构课设—C语言实现通讯录管理系统（顺序表实现）\数据结构课设—C语言实现通讯录管理系统（顺序表实现）\数据结构课设—C语言实现通讯录管理系统（顺序表实现）.c(266,12): message : 占位符和其参数预计 2 可变参数，但提供的却是 1 参数
C:\Users\Administrator\source\repos\数据结构课设—C语言实现通讯录管理系统（顺序表实现）\数据结构课设—C语言实现通讯录管理系统（顺序表实现）\数据结构课设—C语言实现通讯录管理系统（顺序表实现）.c(266,12): message : 缺失的可变参数 2 为格式字符串“%s”所需
C:\Users\Administrator\source\repos\数据结构课设—C语言实现通讯录管理系统（顺序表实现）\数据结构课设—C语言实现通讯录管理系统（顺序表实现）\数据结构课设—C语言实现通讯录管理系统（顺序表实现）.c(266,12): message : 此参数用作缓冲区大小
C:\Users\Administrator\source\repos\数据结构课设—C语言实现通讯录管理系统（顺序表实现）\数据结构课设—C语言实现通讯录管理系统（顺序表实现）\数据结构课设—C语言实现通讯录管理系统（顺序表实现）.c(315,12): warning C4473: “scanf_s”: 没有为格式字符串传递足够的参数
C:\Users\Administrator\source\repos\数据结构课设—C语言实现通讯录管理系统（顺序表实现）\数据结构课设—C语言实现通讯录管理系统（顺序表实现）\数据结构课设—C语言实现通讯录管理系统（顺序表实现）.c(315,12): message : 占位符和其参数预计 2 可变参数，但提供的却是 1 参数
C:\Users\Administrator\source\repos\数据结构课设—C语言实现通讯录管理系统（顺序表实现）\数据结构课设—C语言实现通讯录管理系统（顺序表实现）\数据结构课设—C语言实现通讯录管理系统（顺序表实现）.c(315,12): message : 缺失的可变参数 2 为格式字符串“%s”所需
C:\Users\Administrator\source\repos\数据结构课设—C语言实现通讯录管理系统（顺序表实现）\数据结构课设—C语言实现通讯录管理系统（顺序表实现）\数据结构课设—C语言实现通讯录管理系统（顺序表实现）.c(315,12): message : 此参数用作缓冲区大小
C:\Users\Administrator\source\repos\数据结构课设—C语言实现通讯录管理系统（顺序表实现）\数据结构课设—C语言实现通讯录管理系统（顺序表实现）\数据结构课设—C语言实现通讯录管理系统（顺序表实现）.c(351,14): warning C4473: “scanf_s”: 没有为格式字符串传递足够的参数
C:\Users\Administrator\source\repos\数据结构课设—C语言实现通讯录管理系统（顺序表实现）\数据结构课设—C语言实现通讯录管理系统（顺序表实现）\数据结构课设—C语言实现通讯录管理系统（顺序表实现）.c(351,14): message : 占位符和其参数预计 2 可变参数，但提供的却是 1 参数
C:\Users\Administrator\source\repos\数据结构课设—C语言实现通讯录管理系统（顺序表实现）\数据结构课设—C语言实现通讯录管理系统（顺序表实现）\数据结构课设—C语言实现通讯录管理系统（顺序表实现）.c(351,14): message : 缺失的可变参数 2 为格式字符串“%s”所需
C:\Users\Administrator\source\repos\数据结构课设—C语言实现通讯录管理系统（顺序表实现）\数据结构课设—C语言实现通讯录管理系统（顺序表实现）\数据结构课设—C语言实现通讯录管理系统（顺序表实现）.c(351,14): message : 此参数用作缓冲区大小
C:\Users\Administrator\source\repos\数据结构课设—C语言实现通讯录管理系统（顺序表实现）\数据结构课设—C语言实现通讯录管理系统（顺序表实现）\数据结构课设—C语言实现通讯录管理系统（顺序表实现）.c(355,14): warning C4473: “scanf_s”: 没有为格式字符串传递足够的参数
C:\Users\Administrator\source\repos\数据结构课设—C语言实现通讯录管理系统（顺序表实现）\数据结构课设—C语言实现通讯录管理系统（顺序表实现）\数据结构课设—C语言实现通讯录管理系统（顺序表实现）.c(355,14): message : 占位符和其参数预计 2 可变参数，但提供的却是 1 参数
C:\Users\Administrator\source\repos\数据结构课设—C语言实现通讯录管理系统（顺序表实现）\数据结构课设—C语言实现通讯录管理系统（顺序表实现）\数据结构课设—C语言实现通讯录管理系统（顺序表实现）.c(355,14): message : 缺失的可变参数 2 为格式字符串“%s”所需
C:\Users\Administrator\source\repos\数据结构课设—C语言实现通讯录管理系统（顺序表实现）\数据结构课设—C语言实现通讯录管理系统（顺序表实现）\数据结构课设—C语言实现通讯录管理系统（顺序表实现）.c(355,14): message : 此参数用作缓冲区大小
C:\Users\Administrator\source\repos\数据结构课设—C语言实现通讯录管理系统（顺序表实现）\数据结构课设—C语言实现通讯录管理系统（顺序表实现）\数据结构课设—C语言实现通讯录管理系统（顺序表实现）.c(359,14): warning C4473: “scanf_s”: 没有为格式字符串传递足够的参数
C:\Users\Administrator\source\repos\数据结构课设—C语言实现通讯录管理系统（顺序表实现）\数据结构课设—C语言实现通讯录管理系统（顺序表实现）\数据结构课设—C语言实现通讯录管理系统（顺序表实现）.c(359,14): message : 占位符和其参数预计 2 可变参数，但提供的却是 1 参数
C:\Users\Administrator\source\repos\数据结构课设—C语言实现通讯录管理系统（顺序表实现）\数据结构课设—C语言实现通讯录管理系统（顺序表实现）\数据结构课设—C语言实现通讯录管理系统（顺序表实现）.c(359,14): message : 缺失的可变参数 2 为格式字符串“%s”所需
C:\Users\Administrator\source\repos\数据结构课设—C语言实现通讯录管理系统（顺序表实现）\数据结构课设—C语言实现通讯录管理系统（顺序表实现）\数据结构课设—C语言实现通讯录管理系统（顺序表实现）.c(359,14): message : 此参数用作缓冲区大小
C:\Users\Administrator\source\repos\数据结构课设—C语言实现通讯录管理系统（顺序表实现）\数据结构课设—C语言实现通讯录管理系统（顺序表实现）\数据结构课设—C语言实现通讯录管理系统（顺序表实现）.c(363,14): warning C4473: “scanf_s”: 没有为格式字符串传递足够的参数
C:\Users\Administrator\source\repos\数据结构课设—C语言实现通讯录管理系统（顺序表实现）\数据结构课设—C语言实现通讯录管理系统（顺序表实现）\数据结构课设—C语言实现通讯录管理系统（顺序表实现）.c(363,14): message : 占位符和其参数预计 2 可变参数，但提供的却是 1 参数
C:\Users\Administrator\source\repos\数据结构课设—C语言实现通讯录管理系统（顺序表实现）\数据结构课设—C语言实现通讯录管理系统（顺序表实现）\数据结构课设—C语言实现通讯录管理系统（顺序表实现）.c(363,14): message : 缺失的可变参数 2 为格式字符串“%s”所需
C:\Users\Administrator\source\repos\数据结构课设—C语言实现通讯录管理系统（顺序表实现）\数据结构课设—C语言实现通讯录管理系统（顺序表实现）\数据结构课设—C语言实现通讯录管理系统（顺序表实现）.c(363,14): message : 此参数用作缓冲区大小
C:\Users\Administrator\source\repos\数据结构课设—C语言实现通讯录管理系统（顺序表实现）\数据结构课设—C语言实现通讯录管理系统（顺序表实现）\数据结构课设—C语言实现通讯录管理系统（顺序表实现）.c(376,12): warning C4473: “scanf_s”: 没有为格式字符串传递足够的参数
C:\Users\Administrator\source\repos\数据结构课设—C语言实现通讯录管理系统（顺序表实现）\数据结构课设—C语言实现通讯录管理系统（顺序表实现）\数据结构课设—C语言实现通讯录管理系统（顺序表实现）.c(376,12): message : 占位符和其参数预计 2 可变参数，但提供的却是 1 参数
C:\Users\Administrator\source\repos\数据结构课设—C语言实现通讯录管理系统（顺序表实现）\数据结构课设—C语言实现通讯录管理系统（顺序表实现）\数据结构课设—C语言实现通讯录管理系统（顺序表实现）.c(376,12): message : 缺失的可变参数 2 为格式字符串“%s”所需
C:\Users\Administrator\source\repos\数据结构课设—C语言实现通讯录管理系统（顺序表实现）\数据结构课设—C语言实现通讯录管理系统（顺序表实现）\数据结构课设—C语言实现通讯录管理系统（顺序表实现）.c(376,12): message : 此参数用作缓冲区大小
C:\Users\Administrator\source\repos\数据结构课设—C语言实现通讯录管理系统（顺序表实现）\数据结构课设—C语言实现通讯录管理系统（顺序表实现）\数据结构课设—C语言实现通讯录管理系统（顺序表实现）.c(412,14): warning C4473: “scanf_s”: 没有为格式字符串传递足够的参数
C:\Users\Administrator\source\repos\数据结构课设—C语言实现通讯录管理系统（顺序表实现）\数据结构课设—C语言实现通讯录管理系统（顺序表实现）\数据结构课设—C语言实现通讯录管理系统（顺序表实现）.c(412,14): message : 占位符和其参数预计 2 可变参数，但提供的却是 1 参数
C:\Users\Administrator\source\repos\数据结构课设—C语言实现通讯录管理系统（顺序表实现）\数据结构课设—C语言实现通讯录管理系统（顺序表实现）\数据结构课设—C语言实现通讯录管理系统（顺序表实现）.c(412,14): message : 缺失的可变参数 2 为格式字符串“%s”所需
C:\Users\Administrator\source\repos\数据结构课设—C语言实现通讯录管理系统（顺序表实现）\数据结构课设—C语言实现通讯录管理系统（顺序表实现）\数据结构课设—C语言实现通讯录管理系统（顺序表实现）.c(412,14): message : 此参数用作缓冲区大小
C:\Users\Administrator\source\repos\数据结构课设—C语言实现通讯录管理系统（顺序表实现）\数据结构课设—C语言实现通讯录管理系统（顺序表实现）\数据结构课设—C语言实现通讯录管理系统（顺序表实现）.c(416,14): warning C4473: “scanf_s”: 没有为格式字符串传递足够的参数
C:\Users\Administrator\source\repos\数据结构课设—C语言实现通讯录管理系统（顺序表实现）\数据结构课设—C语言实现通讯录管理系统（顺序表实现）\数据结构课设—C语言实现通讯录管理系统（顺序表实现）.c(416,14): message : 占位符和其参数预计 2 可变参数，但提供的却是 1 参数
C:\Users\Administrator\source\repos\数据结构课设—C语言实现通讯录管理系统（顺序表实现）\数据结构课设—C语言实现通讯录管理系统（顺序表实现）\数据结构课设—C语言实现通讯录管理系统（顺序表实现）.c(416,14): message : 缺失的可变参数 2 为格式字符串“%s”所需
C:\Users\Administrator\source\repos\数据结构课设—C语言实现通讯录管理系统（顺序表实现）\数据结构课设—C语言实现通讯录管理系统（顺序表实现）\数据结构课设—C语言实现通讯录管理系统（顺序表实现）.c(416,14): message : 此参数用作缓冲区大小
C:\Users\Administrator\source\repos\数据结构课设—C语言实现通讯录管理系统（顺序表实现）\数据结构课设—C语言实现通讯录管理系统（顺序表实现）\数据结构课设—C语言实现通讯录管理系统（顺序表实现）.c(420,14): warning C4473: “scanf_s”: 没有为格式字符串传递足够的参数
C:\Users\Administrator\source\repos\数据结构课设—C语言实现通讯录管理系统（顺序表实现）\数据结构课设—C语言实现通讯录管理系统（顺序表实现）\数据结构课设—C语言实现通讯录管理系统（顺序表实现）.c(420,14): message : 占位符和其参数预计 2 可变参数，但提供的却是 1 参数
C:\Users\Administrator\source\repos\数据结构课设—C语言实现通讯录管理系统（顺序表实现）\数据结构课设—C语言实现通讯录管理系统（顺序表实现）\数据结构课设—C语言实现通讯录管理系统（顺序表实现）.c(420,14): message : 缺失的可变参数 2 为格式字符串“%s”所需
C:\Users\Administrator\source\repos\数据结构课设—C语言实现通讯录管理系统（顺序表实现）\数据结构课设—C语言实现通讯录管理系统（顺序表实现）\数据结构课设—C语言实现通讯录管理系统（顺序表实现）.c(420,14): message : 此参数用作缓冲区大小
C:\Users\Administrator\source\repos\数据结构课设—C语言实现通讯录管理系统（顺序表实现）\数据结构课设—C语言实现通讯录管理系统（顺序表实现）\数据结构课设—C语言实现通讯录管理系统（顺序表实现）.c(424,14): warning C4473: “scanf_s”: 没有为格式字符串传递足够的参数
C:\Users\Administrator\source\repos\数据结构课设—C语言实现通讯录管理系统（顺序表实现）\数据结构课设—C语言实现通讯录管理系统（顺序表实现）\数据结构课设—C语言实现通讯录管理系统（顺序表实现）.c(424,14): message : 占位符和其参数预计 2 可变参数，但提供的却是 1 参数
C:\Users\Administrator\source\repos\数据结构课设—C语言实现通讯录管理系统（顺序表实现）\数据结构课设—C语言实现通讯录管理系统（顺序表实现）\数据结构课设—C语言实现通讯录管理系统（顺序表实现）.c(424,14): message : 缺失的可变参数 2 为格式字符串“%s”所需
C:\Users\Administrator\source\repos\数据结构课设—C语言实现通讯录管理系统（顺序表实现）\数据结构课设—C语言实现通讯录管理系统（顺序表实现）\数据结构课设—C语言实现通讯录管理系统（顺序表实现）.c(424,14): message : 此参数用作缓冲区大小
C:\Users\Administrator\source\repos\数据结构课设—C语言实现通讯录管理系统（顺序表实现）\数据结构课设—C语言实现通讯录管理系统（顺序表实现）\数据结构课设—C语言实现通讯录管理系统（顺序表实现）.c(437,12): warning C4473: “scanf_s”: 没有为格式字符串传递足够的参数
C:\Users\Administrator\source\repos\数据结构课设—C语言实现通讯录管理系统（顺序表实现）\数据结构课设—C语言实现通讯录管理系统（顺序表实现）\数据结构课设—C语言实现通讯录管理系统（顺序表实现）.c(437,12): message : 占位符和其参数预计 2 可变参数，但提供的却是 1 参数
C:\Users\Administrator\source\repos\数据结构课设—C语言实现通讯录管理系统（顺序表实现）\数据结构课设—C语言实现通讯录管理系统（顺序表实现）\数据结构课设—C语言实现通讯录管理系统（顺序表实现）.c(437,12): message : 缺失的可变参数 2 为格式字符串“%s”所需
C:\Users\Administrator\source\repos\数据结构课设—C语言实现通讯录管理系统（顺序表实现）\数据结构课设—C语言实现通讯录管理系统（顺序表实现）\数据结构课设—C语言实现通讯录管理系统（顺序表实现）.c(437,12): message : 此参数用作缓冲区大小
C:\Users\Administrator\source\repos\数据结构课设—C语言实现通讯录管理系统（顺序表实现）\数据结构课设—C语言实现通讯录管理系统（顺序表实现）\数据结构课设—C语言实现通讯录管理系统（顺序表实现）.c(473,14): warning C4473: “scanf_s”: 没有为格式字符串传递足够的参数
C:\Users\Administrator\source\repos\数据结构课设—C语言实现通讯录管理系统（顺序表实现）\数据结构课设—C语言实现通讯录管理系统（顺序表实现）\数据结构课设—C语言实现通讯录管理系统（顺序表实现）.c(473,14): message : 占位符和其参数预计 2 可变参数，但提供的却是 1 参数
C:\Users\Administrator\source\repos\数据结构课设—C语言实现通讯录管理系统（顺序表实现）\数据结构课设—C语言实现通讯录管理系统（顺序表实现）\数据结构课设—C语言实现通讯录管理系统（顺序表实现）.c(473,14): message : 缺失的可变参数 2 为格式字符串“%s”所需
C:\Users\Administrator\source\repos\数据结构课设—C语言实现通讯录管理系统（顺序表实现）\数据结构课设—C语言实现通讯录管理系统（顺序表实现）\数据结构课设—C语言实现通讯录管理系统（顺序表实现）.c(473,14): message : 此参数用作缓冲区大小
C:\Users\Administrator\source\repos\数据结构课设—C语言实现通讯录管理系统（顺序表实现）\数据结构课设—C语言实现通讯录管理系统（顺序表实现）\数据结构课设—C语言实现通讯录管理系统（顺序表实现）.c(477,14): warning C4473: “scanf_s”: 没有为格式字符串传递足够的参数
C:\Users\Administrator\source\repos\数据结构课设—C语言实现通讯录管理系统（顺序表实现）\数据结构课设—C语言实现通讯录管理系统（顺序表实现）\数据结构课设—C语言实现通讯录管理系统（顺序表实现）.c(477,14): message : 占位符和其参数预计 2 可变参数，但提供的却是 1 参数
C:\Users\Administrator\source\repos\数据结构课设—C语言实现通讯录管理系统（顺序表实现）\数据结构课设—C语言实现通讯录管理系统（顺序表实现）\数据结构课设—C语言实现通讯录管理系统（顺序表实现）.c(477,14): message : 缺失的可变参数 2 为格式字符串“%s”所需
C:\Users\Administrator\source\repos\数据结构课设—C语言实现通讯录管理系统（顺序表实现）\数据结构课设—C语言实现通讯录管理系统（顺序表实现）\数据结构课设—C语言实现通讯录管理系统（顺序表实现）.c(477,14): message : 此参数用作缓冲区大小
C:\Users\Administrator\source\repos\数据结构课设—C语言实现通讯录管理系统（顺序表实现）\数据结构课设—C语言实现通讯录管理系统（顺序表实现）\数据结构课设—C语言实现通讯录管理系统（顺序表实现）.c(481,14): warning C4473: “scanf_s”: 没有为格式字符串传递足够的参数
C:\Users\Administrator\source\repos\数据结构课设—C语言实现通讯录管理系统（顺序表实现）\数据结构课设—C语言实现通讯录管理系统（顺序表实现）\数据结构课设—C语言实现通讯录管理系统（顺序表实现）.c(481,14): message : 占位符和其参数预计 2 可变参数，但提供的却是 1 参数
C:\Users\Administrator\source\repos\数据结构课设—C语言实现通讯录管理系统（顺序表实现）\数据结构课设—C语言实现通讯录管理系统（顺序表实现）\数据结构课设—C语言实现通讯录管理系统（顺序表实现）.c(481,14): message : 缺失的可变参数 2 为格式字符串“%s”所需
C:\Users\Administrator\source\repos\数据结构课设—C语言实现通讯录管理系统（顺序表实现）\数据结构课设—C语言实现通讯录管理系统（顺序表实现）\数据结构课设—C语言实现通讯录管理系统（顺序表实现）.c(481,14): message : 此参数用作缓冲区大小
C:\Users\Administrator\source\repos\数据结构课设—C语言实现通讯录管理系统（顺序表实现）\数据结构课设—C语言实现通讯录管理系统（顺序表实现）\数据结构课设—C语言实现通讯录管理系统（顺序表实现）.c(485,14): warning C4473: “scanf_s”: 没有为格式字符串传递足够的参数
C:\Users\Administrator\source\repos\数据结构课设—C语言实现通讯录管理系统（顺序表实现）\数据结构课设—C语言实现通讯录管理系统（顺序表实现）\数据结构课设—C语言实现通讯录管理系统（顺序表实现）.c(485,14): message : 占位符和其参数预计 2 可变参数，但提供的却是 1 参数
C:\Users\Administrator\source\repos\数据结构课设—C语言实现通讯录管理系统（顺序表实现）\数据结构课设—C语言实现通讯录管理系统（顺序表实现）\数据结构课设—C语言实现通讯录管理系统（顺序表实现）.c(485,14): message : 缺失的可变参数 2 为格式字符串“%s”所需
C:\Users\Administrator\source\repos\数据结构课设—C语言实现通讯录管理系统（顺序表实现）\数据结构课设—C语言实现通讯录管理系统（顺序表实现）\数据结构课设—C语言实现通讯录管理系统（顺序表实现）.c(485,14): message : 此参数用作缓冲区大小
C:\Users\Administrator\source\repos\数据结构课设—C语言实现通讯录管理系统（顺序表实现）\数据结构课设—C语言实现通讯录管理系统（顺序表实现）\数据结构课设—C语言实现通讯录管理系统（顺序表实现）.c(525,12): warning C4473: “scanf_s”: 没有为格式字符串传递足够的参数
C:\Users\Administrator\source\repos\数据结构课设—C语言实现通讯录管理系统（顺序表实现）\数据结构课设—C语言实现通讯录管理系统（顺序表实现）\数据结构课设—C语言实现通讯录管理系统（顺序表实现）.c(525,12): message : 占位符和其参数预计 2 可变参数，但提供的却是 1 参数
C:\Users\Administrator\source\repos\数据结构课设—C语言实现通讯录管理系统（顺序表实现）\数据结构课设—C语言实现通讯录管理系统（顺序表实现）\数据结构课设—C语言实现通讯录管理系统（顺序表实现）.c(525,12): message : 缺失的可变参数 2 为格式字符串“%s”所需
C:\Users\Administrator\source\repos\数据结构课设—C语言实现通讯录管理系统（顺序表实现）\数据结构课设—C语言实现通讯录管理系统（顺序表实现）\数据结构课设—C语言实现通讯录管理系统（顺序表实现）.c(525,12): message : 此参数用作缓冲区大小
C:\Users\Administrator\source\repos\数据结构课设—C语言实现通讯录管理系统（顺序表实现）\数据结构课设—C语言实现通讯录管理系统（顺序表实现）\数据结构课设—C语言实现通讯录管理系统（顺序表实现）.c(549,13): warning C4473: “scanf_s”: 没有为格式字符串传递足够的参数
C:\Users\Administrator\source\repos\数据结构课设—C语言实现通讯录管理系统（顺序表实现）\数据结构课设—C语言实现通讯录管理系统（顺序表实现）\数据结构课设—C语言实现通讯录管理系统（顺序表实现）.c(549,13): message : 占位符和其参数预计 2 可变参数，但提供的却是 1 参数
C:\Users\Administrator\source\repos\数据结构课设—C语言实现通讯录管理系统（顺序表实现）\数据结构课设—C语言实现通讯录管理系统（顺序表实现）\数据结构课设—C语言实现通讯录管理系统（顺序表实现）.c(549,13): message : 缺失的可变参数 2 为格式字符串“%c”所需
C:\Users\Administrator\source\repos\数据结构课设—C语言实现通讯录管理系统（顺序表实现）\数据结构课设—C语言实现通讯录管理系统（顺序表实现）\数据结构课设—C语言实现通讯录管理系统（顺序表实现）.c(549,13): message : 此参数用作缓冲区大小
C:\Users\Administrator\source\repos\数据结构课设—C语言实现通讯录管理系统（顺序表实现）\数据结构课设—C语言实现通讯录管理系统（顺序表实现）\数据结构课设—C语言实现通讯录管理系统（顺序表实现）.c(576,12): warning C4473: “scanf_s”: 没有为格式字符串传递足够的参数
C:\Users\Administrator\source\repos\数据结构课设—C语言实现通讯录管理系统（顺序表实现）\数据结构课设—C语言实现通讯录管理系统（顺序表实现）\数据结构课设—C语言实现通讯录管理系统（顺序表实现）.c(576,12): message : 占位符和其参数预计 2 可变参数，但提供的却是 1 参数
C:\Users\Administrator\source\repos\数据结构课设—C语言实现通讯录管理系统（顺序表实现）\数据结构课设—C语言实现通讯录管理系统（顺序表实现）\数据结构课设—C语言实现通讯录管理系统（顺序表实现）.c(576,12): message : 缺失的可变参数 2 为格式字符串“%s”所需
C:\Users\Administrator\source\repos\数据结构课设—C语言实现通讯录管理系统（顺序表实现）\数据结构课设—C语言实现通讯录管理系统（顺序表实现）\数据结构课设—C语言实现通讯录管理系统（顺序表实现）.c(576,12): message : 此参数用作缓冲区大小
C:\Users\Administrator\source\repos\数据结构课设—C语言实现通讯录管理系统（顺序表实现）\数据结构课设—C语言实现通讯录管理系统（顺序表实现）\数据结构课设—C语言实现通讯录管理系统（顺序表实现）.c(600,13): warning C4473: “scanf_s”: 没有为格式字符串传递足够的参数
C:\Users\Administrator\source\repos\数据结构课设—C语言实现通讯录管理系统（顺序表实现）\数据结构课设—C语言实现通讯录管理系统（顺序表实现）\数据结构课设—C语言实现通讯录管理系统（顺序表实现）.c(600,13): message : 占位符和其参数预计 2 可变参数，但提供的却是 1 参数
C:\Users\Administrator\source\repos\数据结构课设—C语言实现通讯录管理系统（顺序表实现）\数据结构课设—C语言实现通讯录管理系统（顺序表实现）\数据结构课设—C语言实现通讯录管理系统（顺序表实现）.c(600,13): message : 缺失的可变参数 2 为格式字符串“%c”所需
C:\Users\Administrator\source\repos\数据结构课设—C语言实现通讯录管理系统（顺序表实现）\数据结构课设—C语言实现通讯录管理系统（顺序表实现）\数据结构课设—C语言实现通讯录管理系统（顺序表实现）.c(600,13): message : 此参数用作缓冲区大小
C:\Users\Administrator\source\repos\数据结构课设—C语言实现通讯录管理系统（顺序表实现）\数据结构课设—C语言实现通讯录管理系统（顺序表实现）\数据结构课设—C语言实现通讯录管理系统（顺序表实现）.c(627,12): warning C4473: “scanf_s”: 没有为格式字符串传递足够的参数
C:\Users\Administrator\source\repos\数据结构课设—C语言实现通讯录管理系统（顺序表实现）\数据结构课设—C语言实现通讯录管理系统（顺序表实现）\数据结构课设—C语言实现通讯录管理系统（顺序表实现）.c(627,12): message : 占位符和其参数预计 2 可变参数，但提供的却是 1 参数
C:\Users\Administrator\source\repos\数据结构课设—C语言实现通讯录管理系统（顺序表实现）\数据结构课设—C语言实现通讯录管理系统（顺序表实现）\数据结构课设—C语言实现通讯录管理系统（顺序表实现）.c(627,12): message : 缺失的可变参数 2 为格式字符串“%s”所需
C:\Users\Administrator\source\repos\数据结构课设—C语言实现通讯录管理系统（顺序表实现）\数据结构课设—C语言实现通讯录管理系统（顺序表实现）\数据结构课设—C语言实现通讯录管理系统（顺序表实现）.c(627,12): message : 此参数用作缓冲区大小
C:\Users\Administrator\source\repos\数据结构课设—C语言实现通讯录管理系统（顺序表实现）\数据结构课设—C语言实现通讯录管理系统（顺序表实现）\数据结构课设—C语言实现通讯录管理系统（顺序表实现）.c(651,13): warning C4473: “scanf_s”: 没有为格式字符串传递足够的参数
C:\Users\Administrator\source\repos\数据结构课设—C语言实现通讯录管理系统（顺序表实现）\数据结构课设—C语言实现通讯录管理系统（顺序表实现）\数据结构课设—C语言实现通讯录管理系统（顺序表实现）.c(651,13): message : 占位符和其参数预计 2 可变参数，但提供的却是 1 参数
C:\Users\Administrator\source\repos\数据结构课设—C语言实现通讯录管理系统（顺序表实现）\数据结构课设—C语言实现通讯录管理系统（顺序表实现）\数据结构课设—C语言实现通讯录管理系统（顺序表实现）.c(651,13): message : 缺失的可变参数 2 为格式字符串“%c”所需
C:\Users\Administrator\source\repos\数据结构课设—C语言实现通讯录管理系统（顺序表实现）\数据结构课设—C语言实现通讯录管理系统（顺序表实现）\数据结构课设—C语言实现通讯录管理系统（顺序表实现）.c(651,13): message : 此参数用作缓冲区大小
C:\Users\Administrator\source\repos\数据结构课设—C语言实现通讯录管理系统（顺序表实现）\数据结构课设—C语言实现通讯录管理系统（顺序表实现）\数据结构课设—C语言实现通讯录管理系统（顺序表实现）.c(702,29): warning C4566: 由通用字符名称“\uFFFD”表示的字符不能在当前代码页(936)中表示出来
C:\Users\Administrator\source\repos\数据结构课设—C语言实现通讯录管理系统（顺序表实现）\数据结构课设—C语言实现通讯录管理系统（顺序表实现）\数据结构课设—C语言实现通讯录管理系统（顺序表实现）.c(720,11): warning C4473: “scanf_s”: 没有为格式字符串传递足够的参数
C:\Users\Administrator\source\repos\数据结构课设—C语言实现通讯录管理系统（顺序表实现）\数据结构课设—C语言实现通讯录管理系统（顺序表实现）\数据结构课设—C语言实现通讯录管理系统（顺序表实现）.c(720,11): message : 占位符和其参数预计 2 可变参数，但提供的却是 1 参数
C:\Users\Administrator\source\repos\数据结构课设—C语言实现通讯录管理系统（顺序表实现）\数据结构课设—C语言实现通讯录管理系统（顺序表实现）\数据结构课设—C语言实现通讯录管理系统（顺序表实现）.c(720,11): message : 缺失的可变参数 2 为格式字符串“%s”所需
C:\Users\Administrator\source\repos\数据结构课设—C语言实现通讯录管理系统（顺序表实现）\数据结构课设—C语言实现通讯录管理系统（顺序表实现）\数据结构课设—C语言实现通讯录管理系统（顺序表实现）.c(720,11): message : 此参数用作缓冲区大小
  数据结构课设—C语言实现通讯录管理系统（顺序表实现）.vcxproj -> C:\Users\Administrator\source\repos\数据结构课设—C语言实现通讯录管理系统（顺序表实现）\x64\Debug\数据结构课设—C语言实现通讯录管理系统（顺序表实现）.exe
